make all --print-data-base --no-builtin-variables --no-builtin-rules --question
make: *** No rule to make target 'all'.  Stop.

# GNU Make 4.2.1
# Built for x86_64-pc-linux-gnu
# Copyright (C) 1988-2016 Free Software Foundation, Inc.
# License GPLv3+: GNU GPL version 3 or later <http://gnu.org/licenses/gpl.html>
# This is free software: you are free to change and redistribute it.
# There is NO WARRANTY, to the extent permitted by law.

# Make data base, printed on Wed Sep  7 14:09:07 2022

# Variables

# 'override' directive
GNUMAKEFLAGS := 
# automatic
<D = $(patsubst %/,%,$(dir $<))
# automatic
?F = $(notdir $?)
# environment
DESKTOP_SESSION = ubuntu
# default
.SHELLFLAGS := -c
# environment
XDG_SESSION_CLASS = user
# environment
SNAP_COMMON = /var/snap/code/common
# environment
XDG_SESSION_TYPE = x11
# automatic
?D = $(patsubst %/,%,$(dir $?))
# environment
IM_CONFIG_PHASE = 1
# automatic
@D = $(patsubst %/,%,$(dir $@))
# environment
XAUTHORITY = /run/user/1000/gdm/Xauthority
# environment
GDMSESSION = ubuntu
# environment
XMODIFIERS = @im=ibus
# makefile
CURDIR := /home/yuaydo/Desktop/projects/GO/src/DBchain
# makefile
SHELL = /bin/sh
# environment
SNAP_DATA = /var/snap/code/106
# environment
VSCODE_NLS_CONFIG = {"locale":"en-us","availableLanguages":{},"_languagePackSupport":true}
# environment
JOURNAL_STREAM = 8:54501
# environment
XDG_CONFIG_DIRS = /etc/xdg/xdg-ubuntu:/etc/xdg
# environment
SNAP_INSTANCE_NAME = code
# environment
SNAP_ARCH = amd64
# makefile (from 'Makefile', line 1)
MAKEFILE_LIST :=  Makefile
# automatic
@F = $(notdir $@)
# environment
GIO_LAUNCHED_DESKTOP_FILE = /var/lib/snapd/desktop/applications/code_code.desktop
# environment
USERNAME = yuaydo
# environment
MAKELEVEL := 0
# environment
XDG_DATA_DIRS = /usr/share/ubuntu:/usr/local/share/:/usr/share/:/var/lib/snapd/desktop
# environment
VSCODE_AMD_ENTRYPOINT = vs/workbench/api/node/extensionHostProcess
# environment
DBUS_SESSION_BUS_ADDRESS = unix:path=/run/user/1000/bus
# environment
_ = /snap/code/106/usr/share/code/code
# environment
MANAGERPID = 2208
# environment
LESSOPEN = | /usr/bin/lesspipe %s
# environment
LC_NAME = tr_TR.UTF-8
# environment
VSCODE_CWD = /home/yuaydo
# environment
GOPROXY = https://proxy.golang.org,direct
# environment
GSETTINGS_SCHEMA_DIR = /snap/code/106/usr/share/glib-2.0/schemas
# default
MAKE_HOST := x86_64-pc-linux-gnu
# environment
PATH = /usr/.local/bin:/home/yuaydo/.local/bin:/usr/.local/bin:/home/yuaydo/.local/bin:/usr/local/sbin:/usr/local/bin:/usr/sbin:/usr/bin:/sbin:/bin:/usr/games:/usr/local/games:/snap/bin:/usr/local/go/bin:/home/yuaydo/Desktop/projects/GO/bin:/usr/local/go/bin:/home/yuaydo/Desktop/projects/GO/bin
# environment
GPG_AGENT_INFO = /run/user/1000/gnupg/S.gpg-agent:0:1
# environment
SESSION_MANAGER = local/yuaydo-N552VW:@/tmp/.ICE-unix/2484,unix/yuaydo-N552VW:/tmp/.ICE-unix/2484
# environment
XDG_RUNTIME_DIR = /run/user/1000
# environment
GDK_PIXBUF_MODULE_FILE = /home/yuaydo/snap/code/common/.cache/gdk-pixbuf-loaders.cache
# environment
SNAP = /snap/code/106
# environment
GOPATH = /home/yuaydo/Desktop/projects/GO
# environment
SNAP_VERSION = 784b0177
# environment
XDG_MENU_PREFIX = gnome-
# environment
ELECTRON_RUN_AS_NODE = 1
# environment
INVOCATION_ID = 96778ed3e2a04643b16cec850739437e
# environment
GDK_PIXBUF_MODULEDIR = /snap/code/106/usr/lib/x86_64-linux-gnu/gdk-pixbuf-2.0/2.10.0/loaders
# default
.FEATURES := target-specific order-only second-expansion else-if shortest-stem undefine oneshell archives jobserver output-sync check-symlink load
# environment
LS_COLORS = 
# environment
XDG_SESSION_DESKTOP = ubuntu
# environment
SSH_AUTH_SOCK = /run/user/1000/keyring/ssh
# environment
GIO_LAUNCHED_DESKTOP_FILE_PID = 4827
# automatic
%F = $(notdir $%)
# environment
DISPLAY = :0
# environment
SNAP_INSTANCE_KEY = 
# environment
PWD = /home/yuaydo/Desktop/projects/GO/src/DBchain
# default
.LOADED := 
# environment
SSH_AGENT_PID = 2447
# environment
ORIGINAL_XDG_CURRENT_DESKTOP = ubuntu:GNOME
# environment
GTK_MODULES = gail:atk-bridge
# environment
GOMODCACHE = /home/yuaydo/Desktop/projects/GO/pkg/mod
# environment
HOME = /home/yuaydo
# environment
LESSCLOSE = /usr/bin/lesspipe %s %s
# environment
VSCODE_CLI = 1
# environment
VSCODE_CODE_CACHE_PATH = /home/yuaydo/.config/Code/CachedData/784b0177c56c607789f9638da7b6bf3230d47a8c
# environment
LOGNAME = yuaydo
# environment
APPLICATION_INSIGHTS_NO_DIAGNOSTIC_CHANNEL = 1
# environment
SNAP_LIBRARY_PATH = /var/lib/snapd/lib/gl:/var/lib/snapd/lib/gl32:/var/lib/snapd/void
# environment
SNAP_CONTEXT = qq1paGPuis5DZcZCITD2BCKOehdVNDpLPruVyf-oARhXMf1M2keZ
# automatic
+F = $(notdir $+)
# environment
ELECTRON_NO_ATTACH_CONSOLE = 1
# environment
SNAP_USER_COMMON = /home/yuaydo/snap/code/common
# environment
VSCODE_HANDLES_UNCAUGHT_ERRORS = true
# environment
GNOME_DESKTOP_SESSION_ID = this-is-deprecated
# automatic
^D = $(patsubst %/,%,$(dir $^))
# environment
LC_TIME = tr_TR.UTF-8
# environment
SNAP_REAL_HOME = /home/yuaydo
# default
MAKE = $(MAKE_COMMAND)
# default
MAKECMDGOALS := all
# environment
QT_IM_MODULE = ibus
# environment
SNAP_USER_DATA = /home/yuaydo/snap/code/106
# environment
SHLVL = 0
# environment
GNOME_SHELL_SESSION_MODE = ubuntu
# default
MAKE_VERSION := 4.2.1
# environment
USER = yuaydo
# environment
SNAP_REVISION = 106
# environment
LC_MONETARY = tr_TR.UTF-8
# makefile
.DEFAULT_GOAL := postgres
# environment
XDG_CURRENT_DESKTOP = Unity
# automatic
%D = $(patsubst %/,%,$(dir $%))
# environment
LC_TELEPHONE = tr_TR.UTF-8
# default
MAKE_COMMAND := make
# default
.VARIABLES := 
# automatic
*F = $(notdir $*)
# environment
VSCODE_IPC_HOOK = /run/user/1000/vscode-e3a12435-1.71.0-main.sock
# environment
BAMF_DESKTOP_FILE_HINT = /var/lib/snapd/desktop/applications/code_code.desktop
# makefile
MAKEFLAGS = pqrR
# environment
MFLAGS = -pqrR
# automatic
*D = $(patsubst %/,%,$(dir $*))
# automatic
+D = $(patsubst %/,%,$(dir $+))
# environment
GDK_BACKEND = x11
# environment
LC_PAPER = tr_TR.UTF-8
# environment
LC_IDENTIFICATION = tr_TR.UTF-8
# environment
QT_ACCESSIBILITY = 1
# default
MAKEFILES := 
# environment
SNAP_COOKIE = qq1paGPuis5DZcZCITD2BCKOehdVNDpLPruVyf-oARhXMf1M2keZ
# environment
LC_NUMERIC = tr_TR.UTF-8
# automatic
<F = $(notdir $<)
# environment
LC_MEASUREMENT = tr_TR.UTF-8
# environment
SNAP_NAME = code
# environment
LC_ALL = C
# environment
GJS_DEBUG_TOPICS = JS ERROR;JS LOG
# automatic
^F = $(notdir $^)
# default
SUFFIXES := 
# environment
SNAP_REEXEC = 
# environment
CHROME_DESKTOP = code-url-handler.desktop
# environment
WINDOWPATH = 2
# default
.INCLUDE_DIRS = /usr/include /usr/local/include /usr/include
# environment
GJS_DEBUG_OUTPUT = stderr
# default
.RECIPEPREFIX := 
# environment
LC_ADDRESS = tr_TR.UTF-8
# environment
LANG = C
# environment
VSCODE_PID = 4880
# variable set hash-table stats:
# Load=126/1024=12%, Rehash=0, Collisions=23/151=15%

# Pattern-specific Variable Values

# No pattern-specific variable values.

# Directories

# . (device 2066, inode 7612488): 18 files, no impossibilities.

# 18 files, no impossibilities in 1 directories.

# Implicit Rules

# No implicit rules.
 

# Files

mockdb:
#  Phony target (prerequisite of .PHONY).
#  Implicit rule search has not been done.
#  File does not exist.
#  File has not been updated.
#  recipe to execute (from 'Makefile', line 32):
	mockgen -destination db/mock/store.go github.com/aydogduyusuf/DBchain/db/sqlc Store

postgres:
#  Phony target (prerequisite of .PHONY).
#  Implicit rule search has not been done.
#  File does not exist.
#  File has not been updated.
#  recipe to execute (from 'Makefile', line 2):
	docker run --name postgres -p 5432:5432 -e POSTGRES_USER=root -e POSTGRES_PASSWORD=yuay -d postgres:14-alpine

# Not a target:
all:
#  Command line target.
#  Implicit rule search has been done.
#  File does not exist.
#  File has not been updated.

migratedown1:
#  Phony target (prerequisite of .PHONY).
#  Implicit rule search has not been done.
#  File does not exist.
#  File has not been updated.
#  recipe to execute (from 'Makefile', line 20):
	migrate -path db/migration -database "postgresql://root:yuay@localhost:5432/DBchain?sslmode=disable" -verbose down 1

.PHONY: postgres createdb dropdb migrateup migratedown sqlc migrateup1 migratedown1 migrateinit migrate1 mockdb abigen server
#  Implicit rule search has not been done.
#  Modification time never checked.
#  File has not been updated.

sqlc:
#  Phony target (prerequisite of .PHONY).
#  Implicit rule search has not been done.
#  File does not exist.
#  File has not been updated.
#  recipe to execute (from 'Makefile', line 23):
	sqlc generate

# Not a target:
Makefile:
#  Implicit rule search has been done.
#  Last modified 2022-09-02 15:10:15.410027034
#  File has been updated.
#  Successfully updated.

server:
#  Phony target (prerequisite of .PHONY).
#  Implicit rule search has not been done.
#  File does not exist.
#  File has not been updated.
#  recipe to execute (from 'Makefile', line 35):
	go run main.go

createdb:
#  Phony target (prerequisite of .PHONY).
#  Implicit rule search has not been done.
#  File does not exist.
#  File has not been updated.
#  recipe to execute (from 'Makefile', line 5):
	docker exec -it postgres createdb --username=root --owner=root --encoding=UTF-8 DBchain 

# Not a target:
.DEFAULT:
#  Implicit rule search has not been done.
#  Modification time never checked.
#  File has not been updated.

migrate1:
#  Phony target (prerequisite of .PHONY).
#  Implicit rule search has not been done.
#  File does not exist.
#  File has not been updated.
#  recipe to execute (from 'Makefile', line 29):
	migrate create -ext sql -dir db/migration -seq add_session

migrateinit:
#  Phony target (prerequisite of .PHONY).
#  Implicit rule search has not been done.
#  File does not exist.
#  File has not been updated.
#  recipe to execute (from 'Makefile', line 26):
	migrate create -ext sql -dir db/migration -seq init_schema

dropdb:
#  Phony target (prerequisite of .PHONY).
#  Implicit rule search has not been done.
#  File does not exist.
#  File has not been updated.
#  recipe to execute (from 'Makefile', line 8):
	docker exec -it postgres dropdb DBchain

migrateup:
#  Phony target (prerequisite of .PHONY).
#  Implicit rule search has not been done.
#  File does not exist.
#  File has not been updated.
#  recipe to execute (from 'Makefile', line 11):
	migrate -path db/migration -database "postgresql://root:yuay@localhost:5432/DBchain?sslmode=disable" -verbose up

abigen:
#  Phony target (prerequisite of .PHONY).
#  Implicit rule search has not been done.
#  File does not exist.
#  File has not been updated.
#  recipe to execute (from 'Makefile', line 38):
	abigen --abi ./build/NonVotedCapped.abi --bin ./build/NonVotedCapped.bin --pkg blockchain --out NonVotedCapped.go

migrateup1:
#  Phony target (prerequisite of .PHONY).
#  Implicit rule search has not been done.
#  File does not exist.
#  File has not been updated.
#  recipe to execute (from 'Makefile', line 17):
	migrate -path db/migration -database "postgresql://root:yuay@localhost:5432/DBchain?sslmode=disable" -verbose up 1

migratedown:
#  Phony target (prerequisite of .PHONY).
#  Implicit rule search has not been done.
#  File does not exist.
#  File has not been updated.
#  recipe to execute (from 'Makefile', line 14):
	migrate -path db/migration -database "postgresql://root:yuay@localhost:5432/DBchain?sslmode=disable" -verbose down

# files hash-table stats:
# Load=18/1024=2%, Rehash=0, Collisions=0/41=0%
# VPATH Search Paths

# No 'vpath' search paths.

# No general ('VPATH' variable) search path.

# strcache buffers: 1 (0) / strings = 37 / storage = 311 B / avg = 8 B
# current buf: size = 8162 B / used = 311 B / count = 37 / avg = 8 B

# strcache performance: lookups = 68 / hit rate = 45%
# hash-table stats:
# Load=37/8192=0%, Rehash=0, Collisions=1/68=1%
# Finished Make data base on Wed Sep  7 14:09:07 2022

 
